<?xml version="1.0" encoding="UTF-8"?>
<robot generator="Robot 6.1.1 (Python 3.12.0 on win32)" generated="20231119 06:42:40.183" rpa="false" schemaversion="4">
<suite id="s1" name="Register" source="C:\Users\Miika\Desktop\school\palautusrepositorio\viikko3\web-login\src\tests\register.robot">
<kw name="Open And Configure Browser" library="resource" type="SETUP">
<kw name="Evaluate" library="BuiltIn">
<var>${options}</var>
<arg>sys.modules['selenium.webdriver'].ChromeOptions()</arg>
<arg>sys</arg>
<doc>Evaluates the given expression in Python and returns the result.</doc>
<msg timestamp="20231119 06:42:54.117" level="INFO">${options} = &lt;selenium.webdriver.chrome.options.Options object at 0x000002421403E810&gt;</msg>
<status status="PASS" starttime="20231119 06:42:54.117" endtime="20231119 06:42:54.117"/>
</kw>
<kw name="Call Method" library="BuiltIn">
<arg>${options}</arg>
<arg>add_argument</arg>
<arg>--no-sandbox</arg>
<doc>Calls the named method of the given object with the provided arguments.</doc>
<status status="PASS" starttime="20231119 06:42:54.117" endtime="20231119 06:42:54.118"/>
</kw>
<kw name="Call Method" library="BuiltIn">
<arg>${options}</arg>
<arg>add_argument</arg>
<arg>--headless</arg>
<doc>Calls the named method of the given object with the provided arguments.</doc>
<status status="PASS" starttime="20231119 06:42:54.118" endtime="20231119 06:42:54.118"/>
</kw>
<kw name="Open Browser" library="SeleniumLibrary">
<arg>browser=chrome</arg>
<arg>options=${options}</arg>
<doc>Opens a new browser instance to the optional ``url``.</doc>
<msg timestamp="20231119 06:42:54.119" level="INFO">Opening browser 'chrome' to base url 'None'.</msg>
<status status="PASS" starttime="20231119 06:42:54.118" endtime="20231119 06:43:07.865"/>
</kw>
<kw name="Set Selenium Speed" library="SeleniumLibrary">
<arg>${DELAY}</arg>
<doc>Sets the delay that is waited after each Selenium command.</doc>
<status status="PASS" starttime="20231119 06:43:07.865" endtime="20231119 06:43:07.865"/>
</kw>
<status status="PASS" starttime="20231119 06:42:54.117" endtime="20231119 06:43:07.865"/>
</kw>
<test id="s1-t1" name="Register With Valid Username And Password" line="8">
<kw name="Go To Register Page" library="resource" type="SETUP">
<kw name="Go To" library="SeleniumLibrary">
<arg>${REGISTER_URL}</arg>
<doc>Navigates the current browser window to the provided ``url``.</doc>
<msg timestamp="20231119 06:43:07.877" level="INFO">Opening url 'http://localhost:5001/register'</msg>
<status status="PASS" starttime="20231119 06:43:07.877" endtime="20231119 06:43:08.624"/>
</kw>
<status status="PASS" starttime="20231119 06:43:07.877" endtime="20231119 06:43:08.625"/>
</kw>
<kw name="Set Username">
<arg>kalle</arg>
<kw name="Input Text" library="SeleniumLibrary">
<arg>username</arg>
<arg>${username}</arg>
<doc>Types the given ``text`` into the text field identified by ``locator``.</doc>
<msg timestamp="20231119 06:43:08.635" level="INFO">Typing text 'kalle' into text field 'username'.</msg>
<status status="PASS" starttime="20231119 06:43:08.630" endtime="20231119 06:43:10.060"/>
</kw>
<status status="PASS" starttime="20231119 06:43:08.627" endtime="20231119 06:43:10.061"/>
</kw>
<kw name="Set Password">
<arg>kalle123</arg>
<kw name="Input Password" library="SeleniumLibrary">
<arg>password</arg>
<arg>${password}</arg>
<doc>Types the given password into the text field identified by ``locator``.</doc>
<msg timestamp="20231119 06:43:10.084" level="INFO">Typing password into text field 'password'.</msg>
<msg timestamp="20231119 06:43:10.767" level="INFO">Temporally setting log level to: NONE</msg>
<msg timestamp="20231119 06:43:11.091" level="INFO">Log level changed from NONE to INFO.</msg>
<status status="PASS" starttime="20231119 06:43:10.084" endtime="20231119 06:43:11.092"/>
</kw>
<status status="PASS" starttime="20231119 06:43:10.084" endtime="20231119 06:43:11.092"/>
</kw>
<kw name="Set Password Confirmation">
<arg>kalle123</arg>
<kw name="Input Password" library="SeleniumLibrary">
<arg>password_confirmation</arg>
<arg>${password}</arg>
<doc>Types the given password into the text field identified by ``locator``.</doc>
<msg timestamp="20231119 06:43:11.099" level="INFO">Typing password into text field 'password_confirmation'.</msg>
<msg timestamp="20231119 06:43:11.637" level="INFO">Temporally setting log level to: NONE</msg>
<msg timestamp="20231119 06:43:12.030" level="INFO">Log level changed from NONE to INFO.</msg>
<status status="PASS" starttime="20231119 06:43:11.096" endtime="20231119 06:43:12.031"/>
</kw>
<status status="PASS" starttime="20231119 06:43:11.094" endtime="20231119 06:43:12.031"/>
</kw>
<kw name="Submit Credentials">
<kw name="Click Button" library="SeleniumLibrary">
<arg>Register</arg>
<doc>Clicks the button identified by ``locator``.</doc>
<msg timestamp="20231119 06:43:12.035" level="INFO">Clicking button 'Register'.</msg>
<status status="PASS" starttime="20231119 06:43:12.034" endtime="20231119 06:43:13.047"/>
</kw>
<status status="PASS" starttime="20231119 06:43:12.033" endtime="20231119 06:43:13.048"/>
</kw>
<kw name="Register Should Succeed" library="resource">
<kw name="Title Should Be" library="SeleniumLibrary">
<arg>Welcome to Ohtu Application!</arg>
<doc>Verifies that the current page title equals ``title``.</doc>
<msg timestamp="20231119 06:43:13.111" level="INFO">Page title is 'Welcome to Ohtu Application!'.</msg>
<status status="PASS" starttime="20231119 06:43:13.050" endtime="20231119 06:43:13.112"/>
</kw>
<status status="PASS" starttime="20231119 06:43:13.049" endtime="20231119 06:43:13.112"/>
</kw>
<status status="PASS" starttime="20231119 06:43:07.865" endtime="20231119 06:43:13.118"/>
</test>
<test id="s1-t2" name="Register With Too Short Username And Valid Password" line="16">
<kw name="Go To Register Page" library="resource" type="SETUP">
<kw name="Go To" library="SeleniumLibrary">
<arg>${REGISTER_URL}</arg>
<doc>Navigates the current browser window to the provided ``url``.</doc>
<msg timestamp="20231119 06:43:13.175" level="INFO">Opening url 'http://localhost:5001/register'</msg>
<status status="PASS" starttime="20231119 06:43:13.170" endtime="20231119 06:43:13.308"/>
</kw>
<status status="PASS" starttime="20231119 06:43:13.159" endtime="20231119 06:43:13.308"/>
</kw>
<kw name="Set Username">
<arg>ka</arg>
<kw name="Input Text" library="SeleniumLibrary">
<arg>username</arg>
<arg>${username}</arg>
<doc>Types the given ``text`` into the text field identified by ``locator``.</doc>
<msg timestamp="20231119 06:43:13.308" level="INFO">Typing text 'ka' into text field 'username'.</msg>
<status status="PASS" starttime="20231119 06:43:13.308" endtime="20231119 06:43:14.189"/>
</kw>
<status status="PASS" starttime="20231119 06:43:13.308" endtime="20231119 06:43:14.189"/>
</kw>
<kw name="Set Password">
<arg>kalle123</arg>
<kw name="Input Password" library="SeleniumLibrary">
<arg>password</arg>
<arg>${password}</arg>
<doc>Types the given password into the text field identified by ``locator``.</doc>
<msg timestamp="20231119 06:43:14.189" level="INFO">Typing password into text field 'password'.</msg>
<msg timestamp="20231119 06:43:14.745" level="INFO">Temporally setting log level to: NONE</msg>
<msg timestamp="20231119 06:43:14.900" level="INFO">Log level changed from NONE to INFO.</msg>
<status status="PASS" starttime="20231119 06:43:14.189" endtime="20231119 06:43:14.900"/>
</kw>
<status status="PASS" starttime="20231119 06:43:14.189" endtime="20231119 06:43:14.901"/>
</kw>
<kw name="Set Password Confirmation">
<arg>kalle123</arg>
<kw name="Input Password" library="SeleniumLibrary">
<arg>password_confirmation</arg>
<arg>${password}</arg>
<doc>Types the given password into the text field identified by ``locator``.</doc>
<msg timestamp="20231119 06:43:14.901" level="INFO">Typing password into text field 'password_confirmation'.</msg>
<msg timestamp="20231119 06:43:15.414" level="INFO">Temporally setting log level to: NONE</msg>
<msg timestamp="20231119 06:43:15.683" level="INFO">Log level changed from NONE to INFO.</msg>
<status status="PASS" starttime="20231119 06:43:14.901" endtime="20231119 06:43:15.684"/>
</kw>
<status status="PASS" starttime="20231119 06:43:14.901" endtime="20231119 06:43:15.684"/>
</kw>
<kw name="Submit Credentials">
<kw name="Click Button" library="SeleniumLibrary">
<arg>Register</arg>
<doc>Clicks the button identified by ``locator``.</doc>
<msg timestamp="20231119 06:43:15.685" level="INFO">Clicking button 'Register'.</msg>
<status status="PASS" starttime="20231119 06:43:15.685" endtime="20231119 06:43:16.571"/>
</kw>
<status status="PASS" starttime="20231119 06:43:15.685" endtime="20231119 06:43:16.571"/>
</kw>
<kw name="Register Should Fail With Message">
<arg>too shorte</arg>
<kw name="Register Page Should Be Open" library="resource">
<kw name="Title Should Be" library="SeleniumLibrary">
<arg>Register</arg>
<doc>Verifies that the current page title equals ``title``.</doc>
<msg timestamp="20231119 06:43:16.633" level="INFO">Page title is 'Register'.</msg>
<status status="PASS" starttime="20231119 06:43:16.571" endtime="20231119 06:43:16.633"/>
</kw>
<status status="PASS" starttime="20231119 06:43:16.571" endtime="20231119 06:43:16.633"/>
</kw>
<kw name="Page Should Contain" library="SeleniumLibrary">
<arg>${message}</arg>
<doc>Verifies that current page contains ``text``.</doc>
<msg timestamp="20231119 06:43:16.808" level="INFO">Current page contains text 'too shorte'.</msg>
<status status="PASS" starttime="20231119 06:43:16.634" endtime="20231119 06:43:16.808"/>
</kw>
<status status="PASS" starttime="20231119 06:43:16.571" endtime="20231119 06:43:16.808"/>
</kw>
<status status="PASS" starttime="20231119 06:43:13.133" endtime="20231119 06:43:16.808"/>
</test>
<test id="s1-t3" name="Register With Valid Username And Invalid Password" line="23">
<kw name="Go To Register Page" library="resource" type="SETUP">
<kw name="Go To" library="SeleniumLibrary">
<arg>${REGISTER_URL}</arg>
<doc>Navigates the current browser window to the provided ``url``.</doc>
<msg timestamp="20231119 06:43:16.865" level="INFO">Opening url 'http://localhost:5001/register'</msg>
<status status="PASS" starttime="20231119 06:43:16.858" endtime="20231119 06:43:16.963"/>
</kw>
<status status="PASS" starttime="20231119 06:43:16.848" endtime="20231119 06:43:16.963"/>
</kw>
<kw name="Set Username">
<arg>kalle</arg>
<kw name="Input Text" library="SeleniumLibrary">
<arg>username</arg>
<arg>${username}</arg>
<doc>Types the given ``text`` into the text field identified by ``locator``.</doc>
<msg timestamp="20231119 06:43:16.967" level="INFO">Typing text 'kalle' into text field 'username'.</msg>
<status status="PASS" starttime="20231119 06:43:16.966" endtime="20231119 06:43:17.470"/>
</kw>
<status status="PASS" starttime="20231119 06:43:16.964" endtime="20231119 06:43:17.470"/>
</kw>
<kw name="Set Password">
<arg>kalle</arg>
<kw name="Input Password" library="SeleniumLibrary">
<arg>password</arg>
<arg>${password}</arg>
<doc>Types the given password into the text field identified by ``locator``.</doc>
<msg timestamp="20231119 06:43:17.470" level="INFO">Typing password into text field 'password'.</msg>
<msg timestamp="20231119 06:43:18.040" level="INFO">Temporally setting log level to: NONE</msg>
<msg timestamp="20231119 06:43:18.242" level="INFO">Log level changed from NONE to INFO.</msg>
<status status="PASS" starttime="20231119 06:43:17.470" endtime="20231119 06:43:18.242"/>
</kw>
<status status="PASS" starttime="20231119 06:43:17.470" endtime="20231119 06:43:18.242"/>
</kw>
<kw name="Set Password Confirmation">
<arg>kalle</arg>
<kw name="Input Password" library="SeleniumLibrary">
<arg>password_confirmation</arg>
<arg>${password}</arg>
<doc>Types the given password into the text field identified by ``locator``.</doc>
<msg timestamp="20231119 06:43:18.246" level="INFO">Typing password into text field 'password_confirmation'.</msg>
<msg timestamp="20231119 06:43:18.871" level="INFO">Temporally setting log level to: NONE</msg>
<msg timestamp="20231119 06:43:19.046" level="INFO">Log level changed from NONE to INFO.</msg>
<status status="PASS" starttime="20231119 06:43:18.245" endtime="20231119 06:43:19.047"/>
</kw>
<status status="PASS" starttime="20231119 06:43:18.244" endtime="20231119 06:43:19.047"/>
</kw>
<kw name="Submit Credentials">
<kw name="Click Button" library="SeleniumLibrary">
<arg>Register</arg>
<doc>Clicks the button identified by ``locator``.</doc>
<msg timestamp="20231119 06:43:19.050" level="INFO">Clicking button 'Register'.</msg>
<status status="PASS" starttime="20231119 06:43:19.050" endtime="20231119 06:43:20.337"/>
</kw>
<status status="PASS" starttime="20231119 06:43:19.049" endtime="20231119 06:43:20.337"/>
</kw>
<kw name="Register Should Fail With Message">
<arg>too shite</arg>
<kw name="Register Page Should Be Open" library="resource">
<kw name="Title Should Be" library="SeleniumLibrary">
<arg>Register</arg>
<doc>Verifies that the current page title equals ``title``.</doc>
<msg timestamp="20231119 06:43:20.399" level="INFO">Page title is 'Register'.</msg>
<status status="PASS" starttime="20231119 06:43:20.337" endtime="20231119 06:43:20.399"/>
</kw>
<status status="PASS" starttime="20231119 06:43:20.337" endtime="20231119 06:43:20.399"/>
</kw>
<kw name="Page Should Contain" library="SeleniumLibrary">
<arg>${message}</arg>
<doc>Verifies that current page contains ``text``.</doc>
<msg timestamp="20231119 06:43:20.668" level="INFO">Current page contains text 'too shite'.</msg>
<status status="PASS" starttime="20231119 06:43:20.400" endtime="20231119 06:43:20.668"/>
</kw>
<status status="PASS" starttime="20231119 06:43:20.337" endtime="20231119 06:43:20.668"/>
</kw>
<status status="PASS" starttime="20231119 06:43:16.824" endtime="20231119 06:43:20.668"/>
</test>
<test id="s1-t4" name="Register With Nonmatching Password And Password Confirmation" line="30">
<kw name="Go To Register Page" library="resource" type="SETUP">
<kw name="Go To" library="SeleniumLibrary">
<arg>${REGISTER_URL}</arg>
<doc>Navigates the current browser window to the provided ``url``.</doc>
<msg timestamp="20231119 06:43:20.750" level="INFO">Opening url 'http://localhost:5001/register'</msg>
<status status="PASS" starttime="20231119 06:43:20.743" endtime="20231119 06:43:20.825"/>
</kw>
<status status="PASS" starttime="20231119 06:43:20.721" endtime="20231119 06:43:20.825"/>
</kw>
<kw name="Set Username">
<arg>kalle</arg>
<kw name="Input Text" library="SeleniumLibrary">
<arg>username</arg>
<arg>${username}</arg>
<doc>Types the given ``text`` into the text field identified by ``locator``.</doc>
<msg timestamp="20231119 06:43:20.827" level="INFO">Typing text 'kalle' into text field 'username'.</msg>
<status status="PASS" starttime="20231119 06:43:20.826" endtime="20231119 06:43:21.449"/>
</kw>
<status status="PASS" starttime="20231119 06:43:20.826" endtime="20231119 06:43:21.449"/>
</kw>
<kw name="Set Password">
<arg>kalle12</arg>
<kw name="Input Password" library="SeleniumLibrary">
<arg>password</arg>
<arg>${password}</arg>
<doc>Types the given password into the text field identified by ``locator``.</doc>
<msg timestamp="20231119 06:43:21.451" level="INFO">Typing password into text field 'password'.</msg>
<msg timestamp="20231119 06:43:21.911" level="INFO">Temporally setting log level to: NONE</msg>
<msg timestamp="20231119 06:43:22.065" level="INFO">Log level changed from NONE to INFO.</msg>
<status status="PASS" starttime="20231119 06:43:21.450" endtime="20231119 06:43:22.065"/>
</kw>
<status status="PASS" starttime="20231119 06:43:21.450" endtime="20231119 06:43:22.065"/>
</kw>
<kw name="Set Password Confirmation">
<arg>kalle21</arg>
<kw name="Input Password" library="SeleniumLibrary">
<arg>password_confirmation</arg>
<arg>${password}</arg>
<doc>Types the given password into the text field identified by ``locator``.</doc>
<msg timestamp="20231119 06:43:22.067" level="INFO">Typing password into text field 'password_confirmation'.</msg>
<msg timestamp="20231119 06:43:22.603" level="INFO">Temporally setting log level to: NONE</msg>
<msg timestamp="20231119 06:43:22.867" level="INFO">Log level changed from NONE to INFO.</msg>
<status status="PASS" starttime="20231119 06:43:22.067" endtime="20231119 06:43:22.867"/>
</kw>
<status status="PASS" starttime="20231119 06:43:22.067" endtime="20231119 06:43:22.867"/>
</kw>
<kw name="Submit Credentials">
<kw name="Click Button" library="SeleniumLibrary">
<arg>Register</arg>
<doc>Clicks the button identified by ``locator``.</doc>
<msg timestamp="20231119 06:43:22.868" level="INFO">Clicking button 'Register'.</msg>
<status status="PASS" starttime="20231119 06:43:22.868" endtime="20231119 06:43:23.959"/>
</kw>
<status status="PASS" starttime="20231119 06:43:22.868" endtime="20231119 06:43:23.959"/>
</kw>
<kw name="Register Should Fail With Message">
<arg>password mismatch</arg>
<kw name="Register Page Should Be Open" library="resource">
<kw name="Title Should Be" library="SeleniumLibrary">
<arg>Register</arg>
<doc>Verifies that the current page title equals ``title``.</doc>
<msg timestamp="20231119 06:43:24.019" level="INFO">Page title is 'Register'.</msg>
<status status="PASS" starttime="20231119 06:43:23.959" endtime="20231119 06:43:24.019"/>
</kw>
<status status="PASS" starttime="20231119 06:43:23.959" endtime="20231119 06:43:24.019"/>
</kw>
<kw name="Page Should Contain" library="SeleniumLibrary">
<arg>${message}</arg>
<doc>Verifies that current page contains ``text``.</doc>
<msg timestamp="20231119 06:43:24.608" level="INFO" html="true">&lt;/td&gt;&lt;/tr&gt;&lt;tr&gt;&lt;td colspan="3"&gt;&lt;a href="selenium-screenshot-7.png"&gt;&lt;img src="selenium-screenshot-7.png" width="800px"&gt;&lt;/a&gt;</msg>
<msg timestamp="20231119 06:43:24.608" level="FAIL">Page should have contained text 'password mismatch' but did not.</msg>
<status status="FAIL" starttime="20231119 06:43:24.019" endtime="20231119 06:43:24.608"/>
</kw>
<status status="FAIL" starttime="20231119 06:43:23.959" endtime="20231119 06:43:24.608"/>
</kw>
<status status="FAIL" starttime="20231119 06:43:20.693" endtime="20231119 06:43:24.608">Page should have contained text 'password mismatch' but did not.</status>
</test>
<kw name="Close Browser" library="SeleniumLibrary" type="TEARDOWN">
<doc>Closes the current browser.</doc>
<status status="PASS" starttime="20231119 06:43:24.719" endtime="20231119 06:43:27.289"/>
</kw>
<status status="FAIL" starttime="20231119 06:42:40.245" endtime="20231119 06:43:27.289"/>
</suite>
<statistics>
<total>
<stat pass="3" fail="1" skip="0">All Tests</stat>
</total>
<tag>
</tag>
<suite>
<stat pass="3" fail="1" skip="0" id="s1" name="Register">Register</stat>
</suite>
</statistics>
<errors>
</errors>
</robot>
